<?xml version="1.0" encoding="UTF-8"?>
<testsuite xmlns:xsi="http://www.w3.org/2001/XMLSchema-instance" xsi:noNamespaceSchemaLocation="https://maven.apache.org/surefire/maven-surefire-plugin/xsd/surefire-test-report.xsd" name="circulo.CirculoTest" time="0.041" tests="9" errors="0" skipped="0" failures="0">
  <properties>
    <property name="java.specification.version" value="15"/>
    <property name="sun.jnu.encoding" value="UTF-8"/>
    <property name="java.class.path" value="/home/rani/Documentos/2 - Apuntes/1A - DAW 1/Entornos de programacion/UD4/tarea ED04/pruebaSonar/target/test-classes:/home/rani/Documentos/2 - Apuntes/1A - DAW 1/Entornos de programacion/UD4/tarea ED04/pruebaSonar/target/classes:/home/rani/.m2/repository/junit/junit/4.11/junit-4.11.jar:/home/rani/.m2/repository/org/hamcrest/hamcrest-core/1.3/hamcrest-core-1.3.jar:"/>
    <property name="java.vm.vendor" value="Oracle Corporation"/>
    <property name="sun.arch.data.model" value="64"/>
    <property name="java.vendor.url" value="https://java.oracle.com/"/>
    <property name="os.name" value="Linux"/>
    <property name="java.vm.specification.version" value="15"/>
    <property name="sun.java.launcher" value="SUN_STANDARD"/>
    <property name="user.country" value="ES"/>
    <property name="sun.boot.library.path" value="/opt/java/jdk15/lib"/>
    <property name="sun.java.command" value="/home/rani/Documentos/2 - Apuntes/1A - DAW 1/Entornos de programacion/UD4/tarea ED04/pruebaSonar/target/surefire/surefirebooter1903635058159536709.jar /home/rani/Documentos/2 - Apuntes/1A - DAW 1/Entornos de programacion/UD4/tarea ED04/pruebaSonar/target/surefire 2021-03-03T12-17-44_514-jvmRun1 surefire424249613316944723tmp surefire_011888023684959898877tmp"/>
    <property name="jdk.debug" value="release"/>
    <property name="surefire.test.class.path" value="/home/rani/Documentos/2 - Apuntes/1A - DAW 1/Entornos de programacion/UD4/tarea ED04/pruebaSonar/target/test-classes:/home/rani/Documentos/2 - Apuntes/1A - DAW 1/Entornos de programacion/UD4/tarea ED04/pruebaSonar/target/classes:/home/rani/.m2/repository/junit/junit/4.11/junit-4.11.jar:/home/rani/.m2/repository/org/hamcrest/hamcrest-core/1.3/hamcrest-core-1.3.jar:"/>
    <property name="sun.cpu.endian" value="little"/>
    <property name="user.home" value="/home/rani"/>
    <property name="user.language" value="es"/>
    <property name="java.specification.vendor" value="Oracle Corporation"/>
    <property name="java.version.date" value="2020-10-20"/>
    <property name="java.home" value="/opt/java/jdk15"/>
    <property name="file.separator" value="/"/>
    <property name="basedir" value="/home/rani/Documentos/2 - Apuntes/1A - DAW 1/Entornos de programacion/UD4/tarea ED04/pruebaSonar"/>
    <property name="java.vm.compressedOopsMode" value="Zero based"/>
    <property name="line.separator" value="&#10;"/>
    <property name="java.vm.specification.vendor" value="Oracle Corporation"/>
    <property name="java.specification.name" value="Java Platform API Specification"/>
    <property name="surefire.real.class.path" value="/home/rani/Documentos/2 - Apuntes/1A - DAW 1/Entornos de programacion/UD4/tarea ED04/pruebaSonar/target/surefire/surefirebooter1903635058159536709.jar"/>
    <property name="sun.management.compiler" value="HotSpot 64-Bit Tiered Compilers"/>
    <property name="java.runtime.version" value="15.0.1+9-18"/>
    <property name="user.name" value="rani"/>
    <property name="path.separator" value=":"/>
    <property name="os.version" value="5.4.0-56-generic"/>
    <property name="java.runtime.name" value="Java(TM) SE Runtime Environment"/>
    <property name="file.encoding" value="UTF-8"/>
    <property name="java.vm.name" value="Java HotSpot(TM) 64-Bit Server VM"/>
    <property name="localRepository" value="/home/rani/.m2/repository"/>
    <property name="java.vendor.url.bug" value="https://bugreport.java.com/bugreport/"/>
    <property name="java.io.tmpdir" value="/tmp"/>
    <property name="java.version" value="15.0.1"/>
    <property name="user.dir" value="/home/rani/Documentos/2 - Apuntes/1A - DAW 1/Entornos de programacion/UD4/tarea ED04/pruebaSonar"/>
    <property name="os.arch" value="amd64"/>
    <property name="java.vm.specification.name" value="Java Virtual Machine Specification"/>
    <property name="java.library.path" value="/usr/java/packages/lib:/usr/lib64:/lib64:/lib:/usr/lib"/>
    <property name="java.vm.info" value="mixed mode, sharing"/>
    <property name="java.vendor" value="Oracle Corporation"/>
    <property name="java.vm.version" value="15.0.1+9-18"/>
    <property name="sun.io.unicode.encoding" value="UnicodeLittle"/>
    <property name="java.class.version" value="59.0"/>
  </properties>
  <testcase name="testObtenerArea" classname="circulo.CirculoTest" time="0.003"/>
  <testcase name="testObtenerDiametro" classname="circulo.CirculoTest" time="0"/>
  <testcase name="testEstablecerX" classname="circulo.CirculoTest" time="0.001"/>
  <testcase name="testEstablecerY" classname="circulo.CirculoTest" time="0"/>
  <testcase name="testObtenerCircunferencia" classname="circulo.CirculoTest" time="0"/>
  <testcase name="testObtenerRadio" classname="circulo.CirculoTest" time="0"/>
  <testcase name="testEstablecerRadio" classname="circulo.CirculoTest" time="0.001"/>
  <testcase name="testObtenerX" classname="circulo.CirculoTest" time="0"/>
  <testcase name="testObtenerY" classname="circulo.CirculoTest" time="0"/>
</testsuite>